2021-09-14 16:12:27 INFO  ClassPathXmlApplicationContext:510 - Refreshing org.springframework.context.support.ClassPathXmlApplicationContext@710726a3: startup date [Tue Sep 14 16:12:27 BRT 2021]; root of context hierarchy
2021-09-14 16:12:27 INFO  XmlBeanDefinitionReader:317 - Loading XML bean definitions from class path resource [applicationContext.xml]
2021-09-14 16:12:29 INFO  ThreadPoolTaskScheduler:165 - Initializing ExecutorService 
2021-09-14 16:12:29 INFO  DefaultLifecycleProcessor:341 - Starting beans in phase 2147483547
2021-09-14 16:14:40 INFO  ClassPathXmlApplicationContext:510 - Refreshing org.springframework.context.support.ClassPathXmlApplicationContext@710726a3: startup date [Tue Sep 14 16:14:40 BRT 2021]; root of context hierarchy
2021-09-14 16:14:40 INFO  XmlBeanDefinitionReader:317 - Loading XML bean definitions from class path resource [applicationContext.xml]
2021-09-14 16:14:41 INFO  ConsumerConfig:223 - ConsumerConfig values: 
	auto.commit.interval.ms = 1000
	auto.offset.reset = latest
	bootstrap.servers = [127.0.0.1:9092]
	check.crcs = true
	client.id = 
	connections.max.idle.ms = 540000
	enable.auto.commit = false
	exclude.internal.topics = true
	fetch.max.bytes = 52428800
	fetch.max.wait.ms = 500
	fetch.min.bytes = 1
	group.id = 1
	heartbeat.interval.ms = 3000
	interceptor.classes = null
	internal.leave.group.on.close = true
	isolation.level = read_uncommitted
	key.deserializer = class org.apache.kafka.common.serialization.StringDeserializer
	max.partition.fetch.bytes = 1048576
	max.poll.interval.ms = 300000
	max.poll.records = 500
	metadata.max.age.ms = 300000
	metric.reporters = []
	metrics.num.samples = 2
	metrics.recording.level = INFO
	metrics.sample.window.ms = 30000
	partition.assignment.strategy = [class org.apache.kafka.clients.consumer.RangeAssignor]
	receive.buffer.bytes = 65536
	reconnect.backoff.max.ms = 1000
	reconnect.backoff.ms = 50
	request.timeout.ms = 305000
	retry.backoff.ms = 100
	sasl.jaas.config = null
	sasl.kerberos.kinit.cmd = /usr/bin/kinit
	sasl.kerberos.min.time.before.relogin = 60000
	sasl.kerberos.service.name = null
	sasl.kerberos.ticket.renew.jitter = 0.05
	sasl.kerberos.ticket.renew.window.factor = 0.8
	sasl.mechanism = GSSAPI
	security.protocol = PLAINTEXT
	send.buffer.bytes = 131072
	session.timeout.ms = 15000
	ssl.cipher.suites = null
	ssl.enabled.protocols = [TLSv1.2, TLSv1.1, TLSv1]
	ssl.endpoint.identification.algorithm = null
	ssl.key.password = null
	ssl.keymanager.algorithm = SunX509
	ssl.keystore.location = null
	ssl.keystore.password = null
	ssl.keystore.type = JKS
	ssl.protocol = TLS
	ssl.provider = null
	ssl.secure.random.implementation = null
	ssl.trustmanager.algorithm = PKIX
	ssl.truststore.location = null
	ssl.truststore.password = null
	ssl.truststore.type = JKS
	value.deserializer = class org.springframework.kafka.support.serializer.JsonDeserializer

2021-09-14 16:14:42 INFO  AppInfoParser:109 - Kafka version : 1.0.0
2021-09-14 16:14:42 INFO  AppInfoParser:110 - Kafka commitId : aaa7af6d4a11b29d
2021-09-14 16:14:42 INFO  ThreadPoolTaskScheduler:165 - Initializing ExecutorService 
2021-09-14 16:14:42 INFO  EPServiceProviderImpl:378 - Initializing engine URI 'default' version 6.1.0
2021-09-14 16:14:42 WARN  NetworkClient:241 - [Consumer clientId=consumer-1, groupId=1] Connection to node -1 could not be established. Broker may not be available.
2021-09-14 16:14:42 WARN  NetworkClient:241 - [Consumer clientId=consumer-1, groupId=1] Connection to node -1 could not be established. Broker may not be available.
2021-09-14 16:14:42 WARN  NetworkClient:241 - [Consumer clientId=consumer-1, groupId=1] Connection to node -1 could not be established. Broker may not be available.
2021-09-14 16:14:43 INFO  DefaultLifecycleProcessor:341 - Starting beans in phase 2147483547
2021-09-14 16:14:43 INFO  MainServiceMiddlewareKafka:20 - Service started: com.service.middleware.main.MainServiceMiddlewareKafka
2021-09-14 16:14:43 WARN  NetworkClient:241 - [Consumer clientId=consumer-1, groupId=1] Connection to node -1 could not be established. Broker may not be available.
2021-09-14 16:14:43 WARN  NetworkClient:241 - [Consumer clientId=consumer-1, groupId=1] Connection to node -1 could not be established. Broker may not be available.
2021-09-14 16:14:44 WARN  NetworkClient:241 - [Consumer clientId=consumer-1, groupId=1] Connection to node -1 could not be established. Broker may not be available.
2021-09-14 16:14:45 WARN  NetworkClient:241 - [Consumer clientId=consumer-1, groupId=1] Connection to node -1 could not be established. Broker may not be available.
2021-09-14 16:14:46 WARN  NetworkClient:241 - [Consumer clientId=consumer-1, groupId=1] Connection to node -1 could not be established. Broker may not be available.
2021-09-14 16:14:47 WARN  NetworkClient:241 - [Consumer clientId=consumer-1, groupId=1] Connection to node -1 could not be established. Broker may not be available.
2021-09-14 16:14:48 WARN  NetworkClient:241 - [Consumer clientId=consumer-1, groupId=1] Connection to node -1 could not be established. Broker may not be available.
2021-09-14 16:14:49 WARN  NetworkClient:241 - [Consumer clientId=consumer-1, groupId=1] Connection to node -1 could not be established. Broker may not be available.
2021-09-14 16:14:50 WARN  NetworkClient:241 - [Consumer clientId=consumer-1, groupId=1] Connection to node -1 could not be established. Broker may not be available.
2021-09-14 16:14:51 WARN  NetworkClient:241 - [Consumer clientId=consumer-1, groupId=1] Connection to node -1 could not be established. Broker may not be available.
2021-09-14 16:14:52 WARN  NetworkClient:241 - [Consumer clientId=consumer-1, groupId=1] Connection to node -1 could not be established. Broker may not be available.
2021-09-14 16:14:53 WARN  NetworkClient:241 - [Consumer clientId=consumer-1, groupId=1] Connection to node -1 could not be established. Broker may not be available.
2021-09-14 16:14:54 WARN  NetworkClient:241 - [Consumer clientId=consumer-1, groupId=1] Connection to node -1 could not be established. Broker may not be available.
2021-09-14 16:14:55 WARN  NetworkClient:241 - [Consumer clientId=consumer-1, groupId=1] Connection to node -1 could not be established. Broker may not be available.
2021-09-14 16:14:56 WARN  NetworkClient:241 - [Consumer clientId=consumer-1, groupId=1] Connection to node -1 could not be established. Broker may not be available.
2021-09-14 16:14:57 WARN  NetworkClient:241 - [Consumer clientId=consumer-1, groupId=1] Connection to node -1 could not be established. Broker may not be available.
